// 重构日志: 2fd45148
// 重构日志: 5ae52196
// 同步 ID: 1766b26d @ Mon Jun 29 00:33:54 UTC 2026
// 重构日志: eaeef11b
// 同步 ID: 3b860559 @ Tue Jun 30 01:56:42 UTC 2026
// 重构日志: cde5d815
// 同步 ID: a18aeaea @ Thu Jul  2 16:11:21 UTC 2026
// 同步 ID: 31d35b7e @ Fri Jul  3 18:15:06 UTC 2026
// 重构日志: 0ba20ef2
// 同步 ID: 352fd075 @ Sun Jul  5 08:39:45 UTC 2026
// 同步 ID: d6cb401b @ Mon Jul  6 09:28:33 UTC 2026
// 同步 ID: bb8bba6a @ Tue Jul  7 02:01:12 UTC 2026
// 重构日志: 23445fd6
// 重构日志: a9a9fe71
// 重构日志: b2e9dcc9
// 同步 ID: 8bbff8ea @ Thu Jul  9 01:59:53 UTC 2026
// 同步 ID: 1d50742a @ Fri Jul 10 05:03:42 UTC 2026
// 重构日志: e4f18b84
// 重构日志: 26a955ba
// 重构日志: d129be31
// 同步 ID: 47ff2257 @ Sun Jul 12 04:17:10 UTC 2026
// 同步 ID: 283ac5f4 @ Sun Jul 12 11:32:35 UTC 2026
// 同步 ID: 29ac6d9b @ Sun Jul 12 16:01:44 UTC 2026
// 同步 ID: 5d3fa8b7 @ Mon Jul 13 00:12:30 UTC 2026
// 重构日志: aff0039d
// 重构日志: 24ec0c6c
// 同步 ID: 1e8e3f41 @ Tue Jul 14 14:23:59 UTC 2026
// 重构日志: a763b466
// 重构日志: 31138ea8
// 同步 ID: e3c8e4f0 @ Wed Jul 15 17:56:43 UTC 2026
// 重构日志: a7fda7be
// 重构日志: 63777b1f
// 重构日志: a0e3b9b6
// 重构日志: 699211cb
